SF:lib\counter.dart
DA:4,3
DA:6,3
LF:2
LH:2
end_of_record
SF:lib\main.dart
DA:5,0
DA:6,0
DA:10,0
DA:12,0
DA:14,0
DA:15,0
DA:16,0
DA:18,0
DA:20,0
DA:22,0
DA:31,1
DA:32,2
DA:33,1
DA:38,1
DA:39,3
DA:40,3
DA:42,3
DA:44,1
DA:49,0
DA:50,0
DA:57,0
DA:61,0
DA:62,0
DA:63,0
DA:65,0
DA:66,0
DA:69,0
DA:72,0
DA:73,0
DA:74,0
DA:75,0
DA:76,0
DA:77,0
DA:78,0
DA:79,0
DA:80,0
DA:81,0
DA:82,0
DA:83,0
DA:85,0
DA:86,0
DA:87,0
DA:90,0
DA:91,0
DA:92,0
DA:93,0
DA:98,0
DA:99,0
DA:100,0
DA:113,0
DA:115,0
DA:117,0
DA:118,0
DA:119,0
DA:123,0
DA:124,0
DA:125,0
DA:127,0
DA:128,0
DA:130,0
DA:131,0
DA:132,0
DA:133,0
DA:141,0
DA:143,0
DA:144,0
DA:147,0
DA:153,0
DA:154,0
DA:156,0
DA:157,0
DA:158,0
DA:159,0
DA:161,0
DA:162,0
DA:163,0
DA:164,0
DA:166,0
DA:167,0
DA:169,0
DA:170,0
DA:171,0
DA:172,0
DA:174,0
DA:185,0
DA:192,0
DA:194,0
DA:195,0
DA:196,0
DA:199,0
DA:200,0
DA:201,0
DA:203,0
DA:204,0
DA:206,0
LF:95
LH:8
end_of_record
SF:lib\widget.dart
DA:4,1
DA:13,1
DA:15,1
DA:17,1
DA:18,1
DA:19,2
DA:21,1
DA:22,2
LF:8
LH:8
end_of_record
